<?xml version="1.0" encoding="UTF-8"?>
<!-- Generated by org.testng.reporters.JUnitReportReporter -->
<testsuite hostname="Tharun" failures="0" tests="1" name="testCases.TC_001_AccountRegistrationTest" time="5.933" errors="0" timestamp="2023-08-21T13:37:45 IST" skipped="0">
  <testcase classname="testCases.TC_001_AccountRegistrationTest" name="test_account_registration" time="5.933"/>
</testsuite> <!-- testCases.TC_001_AccountRegistrationTest -->
