<?xml version="1.0" encoding="UTF-8"?>
<!-- Generated by org.testng.reporters.JUnitReportReporter -->
<testsuite hostname="Tharun" failures="0" tests="1" name="testCases.TC_002_LoginTest" time="2.187" errors="0" timestamp="2023-08-22T12:55:34 IST" skipped="0">
  <testcase classname="testCases.TC_002_LoginTest" name="test_login" time="2.187"/>
</testsuite> <!-- testCases.TC_002_LoginTest -->
