<?xml version="1.0" encoding="UTF-8"?>
<!-- Generated by org.testng.reporters.JUnitReportReporter -->
<testsuite hostname="Tharun" failures="0" tests="1" name="testCases.TC_001_AccountRegistrationTest" time="6.213" errors="0" timestamp="2023-08-22T12:55:34 IST" skipped="0">
  <testcase classname="testCases.TC_001_AccountRegistrationTest" name="test_account_registration" time="6.213"/>
</testsuite> <!-- testCases.TC_001_AccountRegistrationTest -->
